160519 10:28:26 [Note] Plugin 'FEDERATED' is disabled.
InnoDB: The first specified data file .\ibdata1 did not exist:
InnoDB: a new database to be created!
160519 10:28:27  InnoDB: Setting file .\ibdata1 size to 10 MB
InnoDB: Database physically writes the file full: wait...
160519 10:28:27  InnoDB: Log file .\ib_logfile0 did not exist: new to be created
InnoDB: Setting log file .\ib_logfile0 size to 5 MB
InnoDB: Database physically writes the file full: wait...
160519 10:28:27  InnoDB: Log file .\ib_logfile1 did not exist: new to be created
InnoDB: Setting log file .\ib_logfile1 size to 5 MB
InnoDB: Database physically writes the file full: wait...
InnoDB: Doublewrite buffer not found: creating new
InnoDB: Doublewrite buffer created
InnoDB: Creating foreign key constraint system tables
InnoDB: Foreign key constraint system tables created
160519 10:28:28  InnoDB: Started; log sequence number 0 0
160519 10:28:28 [Note] Event Scheduler: Loaded 0 events
160519 10:28:28 [Note] wampmysqld: ready for connections.
Version: '5.1.53-community-log'  socket: ''  port: 3306  MySQL Community Server (GPL)
160519 10:29:12 [Note] wampmysqld: Normal shutdown

160519 10:29:12 [Note] Event Scheduler: Purging the queue. 0 events
160519 10:29:12  InnoDB: Starting shutdown...
160519 10:29:13  InnoDB: Shutdown completed; log sequence number 0 44233
160519 10:29:13 [Note] wampmysqld: Shutdown complete

160519 10:29:14 [Note] Plugin 'FEDERATED' is disabled.
160519 10:29:15  InnoDB: Started; log sequence number 0 44233
160519 10:29:15 [Note] Event Scheduler: Loaded 0 events
160519 10:29:15 [Note] wampmysqld: ready for connections.
Version: '5.1.53-community-log'  socket: ''  port: 3306  MySQL Community Server (GPL)
